<?xml version="1.0" encoding="UTF-8"?>
<!-- Generated by org.testng.reporters.JUnitReportReporter -->
<testsuite hostname="NOI-73JS6C2" name="com.edge.Sysco.online.TestSyscoOnline" tests="1" failures="0" timestamp="2 May 2017 15:53:28 GMT" time="224.716" errors="0">
  <testcase name="TrumpIntl_Sysco" time="224.716" classname="com.edge.Sysco.online.TestSyscoOnline"/>
</testsuite> <!-- com.edge.Sysco.online.TestSyscoOnline -->
