<?xml version="1.0" encoding="UTF-8"?>
<!-- Generated by org.testng.reporters.JUnitReportReporter -->
<testsuite hostname="LAPTOP-Q8UFPO8Q" name="com.util.framework.online.TestSyscoExecutor" tests="35" failures="0" timestamp="10 Nov 2019 09:52:02 GMT" time="1637.962" errors="0">
  <testcase name="Export_Mail_OG" time="17.544" classname="com.util.framework.online.TestSyscoExecutor"/>
  <testcase name="Export_Mail_OG" time="18.134" classname="com.util.framework.online.TestSyscoExecutor"/>
  <testcase name="Export_Mail_OG" time="19.275" classname="com.util.framework.online.TestSyscoExecutor"/>
  <testcase name="Export_Mail_OG" time="18.118" classname="com.util.framework.online.TestSyscoExecutor"/>
  <testcase name="Export_Mail_OG" time="21.446" classname="com.util.framework.online.TestSyscoExecutor"/>
  <testcase name="Export_Mail_OG" time="17.729" classname="com.util.framework.online.TestSyscoExecutor"/>
  <testcase name="Export_Mail_OG" time="19.255" classname="com.util.framework.online.TestSyscoExecutor"/>
  <testcase name="Export_Mail_OG" time="17.919" classname="com.util.framework.online.TestSyscoExecutor"/>
  <testcase name="Export_Mail_OG" time="18.837" classname="com.util.framework.online.TestSyscoExecutor"/>
  <testcase name="Export_Mail_OG" time="19.173" classname="com.util.framework.online.TestSyscoExecutor"/>
  <testcase name="Export_Mail_OG" time="18.564" classname="com.util.framework.online.TestSyscoExecutor"/>
  <testcase name="Export_Mail_OG" time="19.096" classname="com.util.framework.online.TestSyscoExecutor"/>
  <testcase name="Export_Mail_OG" time="18.395" classname="com.util.framework.online.TestSyscoExecutor"/>
  <testcase name="Export_Mail_OG" time="18.893" classname="com.util.framework.online.TestSyscoExecutor"/>
  <testcase name="Export_Mail_OG" time="18.360" classname="com.util.framework.online.TestSyscoExecutor"/>
  <testcase name="Export_Mail_OG" time="18.427" classname="com.util.framework.online.TestSyscoExecutor"/>
  <testcase name="Export_Mail_OG" time="18.508" classname="com.util.framework.online.TestSyscoExecutor"/>
  <testcase name="Export_Mail_OG" time="18.770" classname="com.util.framework.online.TestSyscoExecutor"/>
  <testcase name="Export_Mail_OG" time="18.805" classname="com.util.framework.online.TestSyscoExecutor"/>
  <testcase name="Export_Mail_OG" time="19.352" classname="com.util.framework.online.TestSyscoExecutor"/>
  <testcase name="Export_Mail_OG" time="19.784" classname="com.util.framework.online.TestSyscoExecutor"/>
  <testcase name="Export_Mail_OG" time="1001.120" classname="com.util.framework.online.TestSyscoExecutor"/>
  <testcase name="Export_Mail_OG" time="17.652" classname="com.util.framework.online.TestSyscoExecutor"/>
  <testcase name="Export_Mail_OG" time="17.598" classname="com.util.framework.online.TestSyscoExecutor"/>
  <testcase name="Export_Mail_OG" time="17.964" classname="com.util.framework.online.TestSyscoExecutor"/>
  <testcase name="Export_Mail_OG" time="20.004" classname="com.util.framework.online.TestSyscoExecutor"/>
  <testcase name="Export_Mail_OG" time="18.071" classname="com.util.framework.online.TestSyscoExecutor"/>
  <testcase name="Export_Mail_OG" time="18.553" classname="com.util.framework.online.TestSyscoExecutor"/>
  <testcase name="Export_Mail_OG" time="18.904" classname="com.util.framework.online.TestSyscoExecutor"/>
  <testcase name="Export_Mail_OG" time="18.515" classname="com.util.framework.online.TestSyscoExecutor"/>
  <testcase name="Export_Mail_OG" time="18.489" classname="com.util.framework.online.TestSyscoExecutor"/>
  <testcase name="Export_Mail_OG" time="18.185" classname="com.util.framework.online.TestSyscoExecutor"/>
  <testcase name="Export_Mail_OG" time="20.022" classname="com.util.framework.online.TestSyscoExecutor"/>
  <testcase name="Export_Mail_OG" time="19.239" classname="com.util.framework.online.TestSyscoExecutor"/>
  <testcase name="Export_Mail_OG" time="19.262" classname="com.util.framework.online.TestSyscoExecutor"/>
</testsuite> <!-- com.util.framework.online.TestSyscoExecutor -->
